Listening on port 8080...
Open http://localhost:8080/index.html in your browser to view the app.
✅ Connected to MongoDB
Purchase pass error: CastError: Cast to ObjectId failed for value "P00002" (type string) at path "_id" for model "Pass"
    at SchemaObjectId.cast (/Users/octe/Documents/University of Oklahoma/Web Development/Final Project/yogitrack-prototype/node_modules/mongoose/lib/schema/objectId.js:251:11)
    at SchemaType.applySetters (/Users/octe/Documents/University of Oklahoma/Web Development/Final Project/yogitrack-prototype/node_modules/mongoose/lib/schemaType.js:1258:12)
    at SchemaType.castForQuery (/Users/octe/Documents/University of Oklahoma/Web Development/Final Project/yogitrack-prototype/node_modules/mongoose/lib/schemaType.js:1694:17)
    at /Users/octe/Documents/University of Oklahoma/Web Development/Final Project/yogitrack-prototype/node_modules/mongoose/lib/schemaType.js:1649:18
    at Array.map (<anonymous>)
    at SchemaObjectId.handle$in (/Users/octe/Documents/University of Oklahoma/Web Development/Final Project/yogitrack-prototype/node_modules/mongoose/lib/schemaType.js:1645:14)
    at SchemaType.castForQuery (/Users/octe/Documents/University of Oklahoma/Web Development/Final Project/yogitrack-prototype/node_modules/mongoose/lib/schemaType.js:1690:20)
    at cast (/Users/octe/Documents/University of Oklahoma/Web Development/Final Project/yogitrack-prototype/node_modules/mongoose/lib/cast.js:367:39)
    at Query.cast (/Users/octe/Documents/University of Oklahoma/Web Development/Final Project/yogitrack-prototype/node_modules/mongoose/lib/query.js:5060:12)
    at Query._castConditions (/Users/octe/Documents/University of Oklahoma/Web Development/Final Project/yogitrack-prototype/node_modules/mongoose/lib/query.js:2374:10) {
  stringValue: '"P00002"',
  messageFormat: undefined,
  kind: 'ObjectId',
  value: 'P00002',
  path: '_id',
  reason: BSONError: input must be a 24 character hex string, 12 byte Uint8Array, or an integer
      at new ObjectId (/Users/octe/Documents/University of Oklahoma/Web Development/Final Project/yogitrack-prototype/node_modules/bson/lib/bson.cjs:2538:23)
      at castObjectId (/Users/octe/Documents/University of Oklahoma/Web Development/Final Project/yogitrack-prototype/node_modules/mongoose/lib/cast/objectid.js:25:12)
      at SchemaObjectId.cast (/Users/octe/Documents/University of Oklahoma/Web Development/Final Project/yogitrack-prototype/node_modules/mongoose/lib/schema/objectId.js:249:12)
      at SchemaType.applySetters (/Users/octe/Documents/University of Oklahoma/Web Development/Final Project/yogitrack-prototype/node_modules/mongoose/lib/schemaType.js:1258:12)
      at SchemaType.castForQuery (/Users/octe/Documents/University of Oklahoma/Web Development/Final Project/yogitrack-prototype/node_modules/mongoose/lib/schemaType.js:1694:17)
      at /Users/octe/Documents/University of Oklahoma/Web Development/Final Project/yogitrack-prototype/node_modules/mongoose/lib/schemaType.js:1649:18
      at Array.map (<anonymous>)
      at SchemaObjectId.handle$in (/Users/octe/Documents/University of Oklahoma/Web Development/Final Project/yogitrack-prototype/node_modules/mongoose/lib/schemaType.js:1645:14)
      at SchemaType.castForQuery (/Users/octe/Documents/University of Oklahoma/Web Development/Final Project/yogitrack-prototype/node_modules/mongoose/lib/schemaType.js:1690:20)
      at cast (/Users/octe/Documents/University of Oklahoma/Web Development/Final Project/yogitrack-prototype/node_modules/mongoose/lib/cast.js:367:39),
  valueType: 'string'
}
